<?xml version="1.0" encoding="UTF-8"?>
<!-- Generated by org.testng.reporters.JUnitReportReporter -->
<testsuite hostname="Ravindrakumar-PC" name="Test_Scrip_Cross_sell.CC_AMEX_Crosssell_Script" tests="5" failures="0" timestamp="11 Oct 2019 10:17:27 GMT" time="43.299" errors="1">
  <testcase name="CC_Eligibility_check" time="10.087" classname="Test_Scrip_Cross_sell.CC_AMEX_Crosssell_Script"/>
  <testcase name="CC_contact_Aditionaletails" time="3.115" classname="Test_Scrip_Cross_sell.CC_AMEX_Crosssell_Script"/>
  <testcase name="CC_general_information" time="10.102" classname="Test_Scrip_Cross_sell.CC_AMEX_Crosssell_Script"/>
  <testcase name="CC_contact_Details" time="10.124" classname="Test_Scrip_Cross_sell.CC_AMEX_Crosssell_Script"/>
  <testcase name="CC_BasicDetailsPage" time="9.871" classname="Test_Scrip_Cross_sell.CC_AMEX_Crosssell_Script">
    <error type="java.lang.AssertionError" message="NO index is present in pagesource expected [false] but found [true]">
      <![CDATA[java.lang.AssertionError: NO index is present in pagesource expected [false] but found [true]
	at org.testng.Assert.fail(Assert.java:94)
	at org.testng.Assert.failNotEquals(Assert.java:494)
	at org.testng.Assert.assertFalse(Assert.java:63)
	at Page_Object_cross_sell.CC_AMEX_Crosssell_Page.enterBasicdetailsToCCEligibility(CC_AMEX_Crosssell_Page.java:219)
	at Test_Scrip_Cross_sell.CC_AMEX_Crosssell_Script.CC_BasicDetailsPage(CC_AMEX_Crosssell_Script.java:19)
	at sun.reflect.NativeMethodAccessorImpl.invoke0(Native Method)
	at sun.reflect.NativeMethodAccessorImpl.invoke(Unknown Source)
	at sun.reflect.DelegatingMethodAccessorImpl.invoke(Unknown Source)
	at java.lang.reflect.Method.invoke(Unknown Source)
	at org.testng.internal.MethodInvocationHelper.invokeMethod(MethodInvocationHelper.java:80)
	at org.testng.internal.Invoker.invokeMethod(Invoker.java:714)
	at org.testng.internal.Invoker.invokeTestMethod(Invoker.java:901)
	at org.testng.internal.Invoker.invokeTestMethods(Invoker.java:1231)
	at org.testng.internal.TestMethodWorker.invokeTestMethods(TestMethodWorker.java:127)
	at org.testng.internal.TestMethodWorker.run(TestMethodWorker.java:111)
	at org.testng.TestRunner.privateRun(TestRunner.java:767)
	at org.testng.TestRunner.run(TestRunner.java:617)
	at org.testng.SuiteRunner.runTest(SuiteRunner.java:334)
	at org.testng.SuiteRunner.runSequentially(SuiteRunner.java:329)
	at org.testng.SuiteRunner.privateRun(SuiteRunner.java:291)
	at org.testng.SuiteRunner.run(SuiteRunner.java:240)
	at org.testng.SuiteRunnerWorker.runSuite(SuiteRunnerWorker.java:52)
	at org.testng.SuiteRunnerWorker.run(SuiteRunnerWorker.java:86)
	at org.testng.TestNG.runSuitesSequentially(TestNG.java:1198)
	at org.testng.TestNG.runSuitesLocally(TestNG.java:1123)
	at org.testng.TestNG.run(TestNG.java:1031)
	at org.testng.remote.AbstractRemoteTestNG.run(AbstractRemoteTestNG.java:114)
	at org.testng.remote.RemoteTestNG.initAndRun(RemoteTestNG.java:251)
	at org.testng.remote.RemoteTestNG.main(RemoteTestNG.java:77)
]]>
    </error>
  </testcase> <!-- CC_BasicDetailsPage -->
</testsuite> <!-- Test_Scrip_Cross_sell.CC_AMEX_Crosssell_Script -->
