<?xml version="1.0" encoding="UTF-8"?>
<!-- Generated by org.testng.reporters.JUnitReportReporter -->
<testsuite hostname="Ravindrakumar-PC" name="Test_Scripts_IndiaLends.CC_SBILender_Script" tests="5" failures="1" timestamp="24 Jul 2019 07:38:03 GMT" time="32.385" errors="0">
  <testcase name="CC_BasicDetailsPage" time="0.132" classname="Test_Scripts_IndiaLends.CC_SBILender_Script"/>
  <testcase name="fillBasicDetailsPage" time="1.788" classname="Test_Scripts_IndiaLends.CC_SBILender_Script">
    <failure type="org.testng.TestNGException" message="
The data provider is trying to pass 8 parameters but the method Test_Scripts_IndiaLends.CC_SBILender_Script#fillBasicDetailsPage takes 6">
      <![CDATA[org.testng.TestNGException: 
The data provider is trying to pass 8 parameters but the method Test_Scripts_IndiaLends.CC_SBILender_Script#fillBasicDetailsPage takes 6
	at org.testng.internal.Invoker.injectParameters(Invoker.java:1337)
	at org.testng.internal.Invoker.invokeTestMethods(Invoker.java:1225)
	at org.testng.internal.TestMethodWorker.invokeTestMethods(TestMethodWorker.java:127)
	at org.testng.internal.TestMethodWorker.run(TestMethodWorker.java:111)
	at org.testng.TestRunner.privateRun(TestRunner.java:767)
	at org.testng.TestRunner.run(TestRunner.java:617)
	at org.testng.SuiteRunner.runTest(SuiteRunner.java:334)
	at org.testng.SuiteRunner.runSequentially(SuiteRunner.java:329)
	at org.testng.SuiteRunner.privateRun(SuiteRunner.java:291)
	at org.testng.SuiteRunner.run(SuiteRunner.java:240)
	at org.testng.SuiteRunnerWorker.runSuite(SuiteRunnerWorker.java:52)
	at org.testng.SuiteRunnerWorker.run(SuiteRunnerWorker.java:86)
	at org.testng.TestNG.runSuitesSequentially(TestNG.java:1198)
	at org.testng.TestNG.runSuitesLocally(TestNG.java:1123)
	at org.testng.TestNG.run(TestNG.java:1031)
	at org.testng.remote.AbstractRemoteTestNG.run(AbstractRemoteTestNG.java:114)
	at org.testng.remote.RemoteTestNG.initAndRun(RemoteTestNG.java:251)
	at org.testng.remote.RemoteTestNG.main(RemoteTestNG.java:77)
]]>
    </failure>
  </testcase> <!-- fillBasicDetailsPage -->
  <testcase name="CC_contact_Details" time="10.073" classname="Test_Scripts_IndiaLends.CC_SBILender_Script"/>
  <testcase name="CC_Eligibility_check" time="10.292" classname="Test_Scripts_IndiaLends.CC_SBILender_Script"/>
  <testcase name="CC_general_information" time="10.100" classname="Test_Scripts_IndiaLends.CC_SBILender_Script"/>
</testsuite> <!-- Test_Scripts_IndiaLends.CC_SBILender_Script -->
